2026-06-07 12:02:21 - __main__ - INFO - ============================================================
2026-06-07 12:02:21 - __main__ - INFO - Program başlatıldı: 2026-06-07 12:02:21
2026-06-07 12:02:21 - __main__ - INFO - ============================================================
2026-06-07 12:02:24 - __main__ - INFO - PDF metni çıkarıldı (PyMuPDF): CSB İNŞAAT BİRİM FİYAT LİSTESİ.pdf (309,917 karakter)
2026-06-07 12:02:30 - __main__ - INFO - Excel dosyası kaydedildi: C:\Users\argge\OneDrive\Masaüstü\Ihale-Otomasyon\csb_poz_numaralari.xlsx
2026-06-07 12:02:30 - __main__ - INFO - ============================================================
2026-06-07 12:02:30 - __main__ - INFO - OPERASYON ÖZETİ
2026-06-07 12:02:30 - __main__ - INFO -   Sayfa metni: 309,982 karakter
2026-06-07 12:02:30 - __main__ - INFO -   Bulunan poz sayısı: 1878
2026-06-07 12:02:30 - __main__ - INFO -   Excel dosyası: C:\Users\argge\OneDrive\Masaüstü\Ihale-Otomasyon\csb_poz_numaralari.xlsx
2026-06-07 12:02:30 - __main__ - INFO - ============================================================
2026-06-07 12:02:30 - __main__ - ERROR - Beklenmeyen hata: 'charmap' codec can't encode character '\u2713' in position 0: character maps to <undefined>
Traceback (most recent call last):
  File "C:\Users\argge\OneDrive\Masaüstü\Ihale-Otomasyon\extract_csb.py", line 160, in main
    print(f"✓ Sayfa metni: {len(text):,} karakter")
    ~~~~~^^^^^^^^^^^^^^^^^^^^^^^^^^^^^^^^^^^^^^^^^^
  File "C:\Users\argge\AppData\Local\Python\pythoncore-3.14-64\Lib\encodings\cp1254.py", line 19, in encode
    return codecs.charmap_encode(input,self.errors,encoding_table)[0]
           ~~~~~~~~~~~~~~~~~~~~~^^^^^^^^^^^^^^^^^^^^^^^^^^^^^^^^^^
UnicodeEncodeError: 'charmap' codec can't encode character '\u2713' in position 0: character maps to <undefined>
2026-06-07 12:02:30 - __main__ - INFO - Program sonlandırıldı (HATA İLE SONLANDI): 2026-06-07 12:02:30
2026-06-07 12:02:30 - __main__ - INFO - ============================================================
2026-06-07 12:03:47 - __main__ - INFO - ============================================================
2026-06-07 12:03:47 - __main__ - INFO - Program başlatıldı: 2026-06-07 12:03:47
2026-06-07 12:03:47 - __main__ - INFO - ============================================================
2026-06-07 12:03:49 - __main__ - INFO - PDF metni çıkarıldı (PyMuPDF): CSB İNŞAAT BİRİM FİYAT LİSTESİ.pdf (309,917 karakter)
2026-06-07 12:03:50 - __main__ - INFO - Excel dosyası kaydedildi: C:\Users\argge\OneDrive\Masaüstü\Ihale-Otomasyon\csb_poz_numaralari.xlsx
2026-06-07 12:03:50 - __main__ - INFO - ============================================================
2026-06-07 12:03:50 - __main__ - INFO - OPERASYON ÖZETİ
2026-06-07 12:03:50 - __main__ - INFO -   Sayfa metni: 309,982 karakter
2026-06-07 12:03:50 - __main__ - INFO -   Bulunan poz sayısı: 1878
2026-06-07 12:03:50 - __main__ - INFO -   Excel dosyası: C:\Users\argge\OneDrive\Masaüstü\Ihale-Otomasyon\csb_poz_numaralari.xlsx
2026-06-07 12:03:50 - __main__ - INFO - ============================================================
2026-06-07 12:03:50 - __main__ - INFO - Program sonlandırıldı (BAŞARILI): 2026-06-07 12:03:50
2026-06-07 12:03:50 - __main__ - INFO - ============================================================
2026-06-07 12:05:34 - __main__ - INFO - ============================================================
2026-06-07 12:05:34 - __main__ - INFO - Program başlatıldı: 2026-06-07 12:05:34
2026-06-07 12:05:34 - __main__ - INFO - ============================================================
2026-06-07 12:05:34 - __main__ - INFO - Cetvel işleniyor: belediye
2026-06-07 12:05:34 - __main__ - INFO - Teklif dosyası: C:\Users\argge\OneDrive\Masaüstü\Ihale-Otomasyon\excel\belediye teklif cetveli .xlsx
2026-06-07 12:05:47 - __main__ - INFO - Teklif dosyası kaydedildi: C:\Users\argge\OneDrive\Masaüstü\Ihale-Otomasyon\excel\belediye teklif cetveli .xlsx
2026-06-07 12:05:47 - __main__ - INFO - İşlem tamamlandı: 4 kalem hesaplandı, 0 kalem bulunamadı
2026-06-07 12:05:47 - __main__ - INFO - ============================================================
2026-06-07 12:05:47 - __main__ - INFO - OPERASYON ÖZETİ
2026-06-07 12:05:47 - __main__ - INFO -   Cetvel: belediye
2026-06-07 12:05:47 - __main__ - INFO -   Hesaplanan kalem: 4
2026-06-07 12:05:47 - __main__ - INFO -   Tanim eslesen: 0
2026-06-07 12:05:47 - __main__ - INFO -   Bulunamayan kalem: 0
2026-06-07 12:05:47 - __main__ - INFO -   Toplam tutar: 55,730,475.00 TL
2026-06-07 12:05:47 - __main__ - INFO -   Teklif dosyasi: C:\Users\argge\OneDrive\Masaüstü\Ihale-Otomasyon\excel\belediye teklif cetveli .xlsx
2026-06-07 12:05:47 - __main__ - INFO - ============================================================
2026-06-07 12:05:47 - __main__ - INFO - Program sonlandırıldı (BAŞARILI): 2026-06-07 12:05:47
2026-06-07 12:05:47 - __main__ - INFO - ============================================================
2026-06-07 12:06:22 - __main__ - INFO - ============================================================
2026-06-07 12:06:22 - __main__ - INFO - Program başlatıldı: 2026-06-07 12:06:22
2026-06-07 12:06:22 - __main__ - INFO - ============================================================
2026-06-07 12:06:22 - __main__ - INFO - Cetvel işleniyor: belediye
2026-06-07 12:06:22 - __main__ - INFO - Teklif dosyası: C:\Users\argge\OneDrive\Masaüstü\Ihale-Otomasyon\excel\belediye teklif cetveli .xlsx
2026-06-07 12:06:25 - __main__ - INFO - Teklif dosyası kaydedildi: C:\Users\argge\OneDrive\Masaüstü\Ihale-Otomasyon\excel\belediye teklif cetveli .xlsx
2026-06-07 12:06:25 - __main__ - INFO - İşlem tamamlandı: 4 kalem hesaplandı, 0 kalem bulunamadı
2026-06-07 12:06:25 - __main__ - INFO - ============================================================
2026-06-07 12:06:25 - __main__ - INFO - OPERASYON ÖZETİ
2026-06-07 12:06:25 - __main__ - INFO -   Cetvel: belediye
2026-06-07 12:06:25 - __main__ - INFO -   Hesaplanan kalem: 4
2026-06-07 12:06:25 - __main__ - INFO -   Tanim eslesen: 0
2026-06-07 12:06:25 - __main__ - INFO -   Bulunamayan kalem: 0
2026-06-07 12:06:25 - __main__ - INFO -   Toplam tutar: 55,730,475.00 TL
2026-06-07 12:06:25 - __main__ - INFO -   Teklif dosyasi: C:\Users\argge\OneDrive\Masaüstü\Ihale-Otomasyon\excel\belediye teklif cetveli .xlsx
2026-06-07 12:06:25 - __main__ - INFO - ============================================================
2026-06-07 12:06:25 - __main__ - INFO - Program sonlandırıldı (BAŞARILI): 2026-06-07 12:06:25
2026-06-07 12:06:25 - __main__ - INFO - ============================================================
2026-06-07 12:16:07 - __main__ - INFO - ============================================================
2026-06-07 12:16:07 - __main__ - INFO - Program başlatıldı: 2026-06-07 12:16:07
2026-06-07 12:16:07 - __main__ - INFO - ============================================================
2026-06-07 12:16:07 - __main__ - INFO - Cetvel işleniyor: seydisehir
2026-06-07 12:16:07 - __main__ - INFO - Teklif dosyası: C:\Users\argge\OneDrive\Masaüstü\Ihale-Otomasyon\excel\SEYDİŞEHİR BEL PARK TEKLİF CETVELİ.xlsx
2026-06-07 12:16:12 - __main__ - DEBUG - Tanımla eşleşti: 15.225.1154 (skor: 0.89)
2026-06-07 12:16:13 - __main__ - DEBUG - Tanımla eşleşti: 15.225.1160 (skor: 0.89)
2026-06-07 12:16:14 - __main__ - DEBUG - Tanımla eşleşti: 15.275.1116 (skor: 0.92)
2026-06-07 12:16:14 - __main__ - DEBUG - Tanımla eşleşti: 15.250.1113 (skor: 0.93)
2026-06-07 12:16:15 - __main__ - DEBUG - Tanımla eşleşti: 15.390.1030 (skor: 0.99)
2026-06-07 12:16:15 - __main__ - DEBUG - Tanımla eşleşti: 15.390.1028 (skor: 1.00)
2026-06-07 12:16:16 - __main__ - DEBUG - Tanımla eşleşti: 15.390.1005 (skor: 0.52)
2026-06-07 12:16:17 - __main__ - DEBUG - Tanımla eşleşti: 15.280.1009 (skor: 1.00)
2026-06-07 12:16:17 - __main__ - DEBUG - Tanımla eşleşti: 15.535.1027 (skor: 0.97)
2026-06-07 12:16:18 - __main__ - DEBUG - Tanımla eşleşti: 15.540.1520 (skor: 1.00)
2026-06-07 12:16:18 - __main__ - DEBUG - Tanımla eşleşti: 15.540.1602 (skor: 1.00)
2026-06-07 12:16:19 - __main__ - DEBUG - Tanımla eşleşti: 15.341.2001 (skor: 1.00)
2026-06-07 12:16:19 - __main__ - DEBUG - Tanımla eşleşti: 15.275.1111 (skor: 0.95)
2026-06-07 12:16:20 - __main__ - DEBUG - Tanımla eşleşti: 77.125.1004 (skor: 0.97)
2026-06-07 12:16:20 - __main__ - DEBUG - Tanımla eşleşti: 15.315.1004 (skor: 1.00)
2026-06-07 12:16:21 - __main__ - DEBUG - Tanımla eşleşti: 15.420.1011 (skor: 0.62)
2026-06-07 12:16:21 - __main__ - DEBUG - Tanımla eşleşti: 15.410.1411 (skor: 1.00)
2026-06-07 12:16:22 - __main__ - DEBUG - Tanımla eşleşti: 15.341.3041 (skor: 1.00)
2026-06-07 12:16:22 - __main__ - DEBUG - Tanımla eşleşti: 15.530.1928 (skor: 0.92)
2026-06-07 12:16:23 - __main__ - DEBUG - Tanımla eşleşti: 15.330.1007 (skor: 1.00)
2026-06-07 12:16:23 - __main__ - DEBUG - Tanımla eşleşti: 77.165.1010 (skor: 1.00)
2026-06-07 12:16:24 - __main__ - DEBUG - Tanımla eşleşti: 77.130.1013 (skor: 1.00)
2026-06-07 12:16:25 - __main__ - DEBUG - Tanımla eşleşti: 15.300.1002 (skor: 1.00)
2026-06-07 12:16:25 - __main__ - DEBUG - Tanımla eşleşti: 15.280.1011 (skor: 1.00)
2026-06-07 12:16:26 - __main__ - DEBUG - Tanımla eşleşti: 19.100.1089 (skor: 0.53)
2026-06-07 12:16:26 - __main__ - DEBUG - Tanımla eşleşti: 35.160.1157 (skor: 0.58)
2026-06-07 12:16:27 - __main__ - DEBUG - Tanımla eşleşti: 15.180.1003 (skor: 1.00)
2026-06-07 12:16:27 - __main__ - DEBUG - Tanımla eşleşti: 15.160.1003 (skor: 1.00)
2026-06-07 12:16:28 - __main__ - DEBUG - Tanımla eşleşti: 15.160.1004 (skor: 1.00)
2026-06-07 12:16:28 - __main__ - DEBUG - Tanımla eşleşti: 15.185.1008 (skor: 0.88)
2026-06-07 12:16:29 - __main__ - DEBUG - Tanımla eşleşti: 15.125.1004 (skor: 1.00)
2026-06-07 12:16:29 - __main__ - DEBUG - Tanımla eşleşti: 15.120.1101 (skor: 1.00)
2026-06-07 12:16:30 - __main__ - DEBUG - Tanımla eşleşti: 15.150.1004 (skor: 0.86)
2026-06-07 12:16:31 - __main__ - DEBUG - Tanımla eşleşti: 15.150.1005 (skor: 0.92)
2026-06-07 12:16:31 - __main__ - DEBUG - Tanımla eşleşti: 15.270.1001 (skor: 1.00)
2026-06-07 12:16:32 - __main__ - DEBUG - Tanımla eşleşti: 15.165.1003 (skor: 0.98)
2026-06-07 12:16:32 - __main__ - DEBUG - Tanımla eşleşti: 35.510.1504 (skor: 0.45)
2026-06-07 12:16:33 - __main__ - WARNING - Fiyat bulunamadı: ÖZEL-KKA-4
2026-06-07 12:16:33 - __main__ - WARNING - Fiyat bulunamadı: ÖZEL-KKA-5
2026-06-07 12:16:34 - __main__ - WARNING - Fiyat bulunamadı: ÖZEL-KKA-6
2026-06-07 12:16:34 - __main__ - WARNING - Fiyat bulunamadı: ÖZEL-KKA-7
2026-06-07 12:16:35 - __main__ - WARNING - Fiyat bulunamadı: ÖZEL-KKA-8
2026-06-07 12:16:35 - __main__ - WARNING - Fiyat bulunamadı: ÖZEL-KKA-9
2026-06-07 12:16:36 - __main__ - WARNING - Fiyat bulunamadı: ÖZEL-KKA-10
2026-06-07 12:16:37 - __main__ - WARNING - Fiyat bulunamadı: ÖZEL-KKA-11
2026-06-07 12:16:37 - __main__ - WARNING - Fiyat bulunamadı: ÖZEL-KKA-12
2026-06-07 12:16:38 - __main__ - WARNING - Fiyat bulunamadı: ÖZEL-KKA-13
2026-06-07 12:16:38 - __main__ - WARNING - Fiyat bulunamadı: ÖZEL-KKA-14
2026-06-07 12:16:39 - __main__ - DEBUG - Tanımla eşleşti: 77.190.1083 (skor: 0.48)
2026-06-07 12:16:39 - __main__ - WARNING - Fiyat bulunamadı: ÖZEL-KKA-16
2026-06-07 12:16:40 - __main__ - WARNING - Fiyat bulunamadı: ÖZEL-KKA-17
2026-06-07 12:16:40 - __main__ - WARNING - Fiyat bulunamadı: ÖZEL-KKA-18
2026-06-07 12:16:41 - __main__ - DEBUG - Tanımla eşleşti: 55.114.1233 (skor: 0.55)
2026-06-07 12:16:42 - __main__ - DEBUG - Tanımla eşleşti: 56.950.1000 (skor: 0.55)
2026-06-07 12:16:42 - __main__ - DEBUG - Tanımla eşleşti: 52.150.1131 (skor: 0.48)
2026-06-07 12:16:42 - __main__ - DEBUG - Tanımla eşleşti: 35.800.3132 (skor: 0.62)
2026-06-07 12:16:43 - __main__ - WARNING - Fiyat bulunamadı: ÖZEL-KKA-23
2026-06-07 12:16:43 - __main__ - DEBUG - Tanımla eşleşti: 15.120.1101 (skor: 1.00)
2026-06-07 12:16:44 - __main__ - DEBUG - Tanımla eşleşti: 15.125.1004 (skor: 1.00)
2026-06-07 12:16:45 - __main__ - DEBUG - Tanımla eşleşti: 25.305.1133 (skor: 0.63)
2026-06-07 12:16:45 - __main__ - DEBUG - Tanımla eşleşti: 25.305.1133 (skor: 0.62)
2026-06-07 12:16:45 - __main__ - DEBUG - Tanımla eşleşti: 25.305.1133 (skor: 0.63)
2026-06-07 12:16:46 - __main__ - DEBUG - Tanımla eşleşti: 25.305.1133 (skor: 0.62)
2026-06-07 12:16:46 - __main__ - DEBUG - Tanımla eşleşti: 25.310.1404 (skor: 0.52)
2026-06-07 12:16:47 - __main__ - DEBUG - Tanımla eşleşti: 25.305.4109 (skor: 0.76)
2026-06-07 12:16:47 - __main__ - DEBUG - Tanımla eşleşti: 25.305.4109 (skor: 0.75)
2026-06-07 12:16:48 - __main__ - DEBUG - Tanımla eşleşti: 25.305.4109 (skor: 0.75)
2026-06-07 12:16:49 - __main__ - DEBUG - Tanımla eşleşti: 25.305.6109 (skor: 0.49)
2026-06-07 12:16:50 - __main__ - DEBUG - Tanımla eşleşti: 25.225.2414 (skor: 0.60)
2026-06-07 12:16:50 - __main__ - DEBUG - Tanımla eşleşti: 25.112.1260 (skor: 0.88)
2026-06-07 12:16:51 - __main__ - DEBUG - Tanımla eşleşti: 25.108.1101 (skor: 0.67)
2026-06-07 12:16:51 - __main__ - DEBUG - Tanımla eşleşti: 25.110.1002 (skor: 0.59)
2026-06-07 12:16:52 - __main__ - DEBUG - Poz numarasıyla eşleşti: 25.100.1018
2026-06-07 12:16:53 - __main__ - DEBUG - Tanımla eşleşti: 25.102.1701 (skor: 0.62)
2026-06-07 12:16:53 - __main__ - DEBUG - Tanımla eşleşti: 25.305.1133 (skor: 0.62)
2026-06-07 12:16:54 - __main__ - DEBUG - Tanımla eşleşti: 25.310.1404 (skor: 0.46)
2026-06-07 12:16:55 - __main__ - DEBUG - Tanımla eşleşti: 25.305.4109 (skor: 0.76)
2026-06-07 12:16:55 - __main__ - DEBUG - Poz numarasıyla eşleşti: 25.312.2102
2026-06-07 12:16:56 - __main__ - DEBUG - Tanımla eşleşti: 25.305.8402 (skor: 1.00)
2026-06-07 12:16:57 - __main__ - WARNING - Fiyat bulunamadı: 253059000
2026-06-07 12:16:57 - __main__ - DEBUG - Poz numarasıyla eşleşti: 25.320.9102
2026-06-07 12:16:58 - __main__ - DEBUG - Tanımla eşleşti: 25.138.1023 (skor: 0.66)
2026-06-07 12:16:58 - __main__ - DEBUG - Tanımla eşleşti: 25.130.1205 (skor: 0.92)
2026-06-07 12:16:59 - __main__ - DEBUG - Tanımla eşleşti: 25.345.4102 (skor: 0.54)
2026-06-07 12:16:59 - __main__ - DEBUG - Tanımla eşleşti: 25.320.1406 (skor: 0.86)
2026-06-07 12:17:00 - __main__ - DEBUG - Tanımla eşleşti: 25.320.1406 (skor: 0.85)
2026-06-07 12:17:01 - __main__ - DEBUG - Tanımla eşleşti: 25.127.1001 (skor: 0.98)
2026-06-07 12:17:01 - __main__ - DEBUG - Tanımla eşleşti: 25.130.1302 (skor: 1.00)
2026-06-07 12:17:02 - __main__ - DEBUG - Tanımla eşleşti: 25.118.1101 (skor: 0.54)
2026-06-07 12:17:03 - __main__ - DEBUG - Tanımla eşleşti: 25.120.1101 (skor: 0.87)
2026-06-07 12:17:03 - __main__ - DEBUG - Tanımla eşleşti: 25.130.1204 (skor: 1.00)
2026-06-07 12:17:03 - __main__ - DEBUG - Tanımla eşleşti: 25.467.1106 (skor: 0.49)
2026-06-07 12:17:04 - __main__ - DEBUG - Tanımla eşleşti: 25.245.5304 (skor: 0.74)
2026-06-07 12:17:04 - __main__ - DEBUG - Tanımla eşleşti: 25.245.5301 (skor: 0.77)
2026-06-07 12:17:05 - __main__ - DEBUG - Tanımla eşleşti: 35.172.1706 (skor: 0.77)
2026-06-07 12:17:06 - __main__ - DEBUG - Tanımla eşleşti: 35.172.1718 (skor: 0.77)
2026-06-07 12:17:06 - __main__ - DEBUG - Tanımla eşleşti: 35.140.2201 (skor: 0.84)
2026-06-07 12:17:07 - __main__ - DEBUG - Tanımla eşleşti: 35.140.2201 (skor: 0.84)
2026-06-07 12:17:08 - __main__ - DEBUG - Tanımla eşleşti: 35.140.2201 (skor: 0.83)
2026-06-07 12:17:08 - __main__ - DEBUG - Tanımla eşleşti: 35.140.5110 (skor: 0.81)
2026-06-07 12:17:09 - __main__ - DEBUG - Tanımla eşleşti: 35.140.5110 (skor: 0.81)
2026-06-07 12:17:09 - __main__ - DEBUG - Tanımla eşleşti: 35.140.2630 (skor: 0.80)
2026-06-07 12:17:10 - __main__ - DEBUG - Tanımla eşleşti: 35.140.5110 (skor: 0.80)
2026-06-07 12:17:11 - __main__ - DEBUG - Tanımla eşleşti: 35.170.2112 (skor: 0.81)
2026-06-07 12:17:11 - __main__ - DEBUG - Tanımla eşleşti: 35.140.5110 (skor: 0.81)
2026-06-07 12:17:12 - __main__ - DEBUG - Tanımla eşleşti: 35.153.1005 (skor: 0.75)
2026-06-07 12:17:12 - __main__ - DEBUG - Tanımla eşleşti: 35.153.1004 (skor: 0.75)
2026-06-07 12:17:13 - __main__ - DEBUG - Tanımla eşleşti: 35.160.6103 (skor: 0.82)
2026-06-07 12:17:13 - __main__ - DEBUG - Tanımla eşleşti: 35.185.1201 (skor: 1.00)
2026-06-07 12:17:14 - __main__ - DEBUG - Tanımla eşleşti: 35.190.1701 (skor: 1.00)
2026-06-07 12:17:14 - __main__ - DEBUG - Tanımla eşleşti: 35.190.1703 (skor: 0.73)
2026-06-07 12:17:15 - __main__ - DEBUG - Tanımla eşleşti: 35.170.3050 (skor: 0.70)
2026-06-07 12:17:15 - __main__ - DEBUG - Tanımla eşleşti: 35.170.1105 (skor: 1.00)
2026-06-07 12:17:16 - __main__ - DEBUG - Tanımla eşleşti: 35.170.1502 (skor: 1.00)
2026-06-07 12:17:16 - __main__ - DEBUG - Tanımla eşleşti: 35.170.1601 (skor: 1.00)
2026-06-07 12:17:17 - __main__ - DEBUG - Tanımla eşleşti: 35.140.2461 (skor: 0.89)
2026-06-07 12:17:17 - __main__ - DEBUG - Tanımla eşleşti: 35.170.1501 (skor: 1.00)
2026-06-07 12:17:18 - __main__ - DEBUG - Tanımla eşleşti: 35.100.7108 (skor: 0.64)
2026-06-07 12:17:19 - __main__ - WARNING - Fiyat bulunamadı: 102003821
2026-06-07 12:17:19 - __main__ - DEBUG - Tanımla eşleşti: 35.750.3002 (skor: 0.47)
2026-06-07 12:17:20 - __main__ - DEBUG - Tanımla eşleşti: 35.185.1102 (skor: 0.96)
2026-06-07 12:17:20 - __main__ - DEBUG - Tanımla eşleşti: 35.115.1736 (skor: 0.63)
2026-06-07 12:17:21 - __main__ - DEBUG - Tanımla eşleşti: 35.115.1736 (skor: 0.63)
2026-06-07 12:17:22 - __main__ - DEBUG - Tanımla eşleşti: 35.445.1100 (skor: 0.92)
2026-06-07 12:17:22 - __main__ - DEBUG - Tanımla eşleşti: 35.505.2030 (skor: 0.65)
2026-06-07 12:17:23 - __main__ - DEBUG - Tanımla eşleşti: 35.140.5110 (skor: 0.93)
2026-06-07 12:17:23 - __main__ - DEBUG - Tanımla eşleşti: 35.100.2210 (skor: 0.65)
2026-06-07 12:17:24 - __main__ - WARNING - Fiyat bulunamadı: ÖZEL-KKA-27
2026-06-07 12:17:24 - __main__ - WARNING - Fiyat bulunamadı: ÖZEL-KKA-28
2026-06-07 12:17:25 - __main__ - WARNING - Fiyat bulunamadı: ÖZEL-KKA-29
2026-06-07 12:17:25 - __main__ - WARNING - Fiyat bulunamadı: ÖZEL-KKA-30
2026-06-07 12:17:26 - __main__ - WARNING - Fiyat bulunamadı: ÖZEL-KKA-31
2026-06-07 12:17:26 - __main__ - WARNING - Fiyat bulunamadı: ÖZEL-KKA-32
2026-06-07 12:17:27 - __main__ - DEBUG - Tanımla eşleşti: 35.140.2201 (skor: 0.47)
2026-06-07 12:17:28 - __main__ - DEBUG - Tanımla eşleşti: 35.415.1610 (skor: 0.55)
2026-06-07 12:17:28 - __main__ - DEBUG - Tanımla eşleşti: 79.115.1005 (skor: 0.52)
2026-06-07 12:17:29 - __main__ - WARNING - Fiyat bulunamadı: ÖZEL-KKA-36
2026-06-07 12:17:29 - __main__ - WARNING - Fiyat bulunamadı: ÖZEL-KKA-37
2026-06-07 12:17:30 - __main__ - WARNING - Fiyat bulunamadı: ÖZEL-KKA-38
2026-06-07 12:17:30 - __main__ - WARNING - Fiyat bulunamadı: ÖZEL-KKA-39
2026-06-07 12:17:31 - __main__ - WARNING - Fiyat bulunamadı: ÖZEL-KKA-40
2026-06-07 12:17:32 - __main__ - WARNING - Fiyat bulunamadı: ÖZEL-KKA-41
2026-06-07 12:17:32 - __main__ - WARNING - Fiyat bulunamadı: ÖZEL-KKA-42
2026-06-07 12:17:32 - __main__ - WARNING - Fiyat bulunamadı: ÖZEL-KKA-43
2026-06-07 12:17:33 - __main__ - DEBUG - Poz numarasıyla eşleşti: 35.470.3005
2026-06-07 12:17:33 - __main__ - WARNING - Fiyat bulunamadı: ÖZEL-KKA-45
2026-06-07 12:17:34 - __main__ - WARNING - Fiyat bulunamadı: ÖZEL-KKA-46
2026-06-07 12:17:35 - __main__ - DEBUG - Tanımla eşleşti: 35.800.3132 (skor: 0.46)
2026-06-07 12:17:35 - __main__ - WARNING - Fiyat bulunamadı: ÖZEL-KKA-48
2026-06-07 12:17:36 - __main__ - WARNING - Fiyat bulunamadı: ÖZEL-KKA-49
2026-06-07 12:17:36 - __main__ - WARNING - Fiyat bulunamadı: ÖZEL-KKA-50
2026-06-07 12:17:37 - __main__ - DEBUG - Tanımla eşleşti: 35.800.2155 (skor: 0.49)
2026-06-07 12:17:37 - __main__ - DEBUG - Poz numarasıyla eşleşti: 35.705.4405
2026-06-07 12:17:38 - __main__ - DEBUG - Poz numarasıyla eşleşti: 35.705.4410
2026-06-07 12:17:38 - __main__ - DEBUG - Tanımla eşleşti: 35.750.3001 (skor: 0.50)
2026-06-07 12:17:39 - __main__ - DEBUG - Tanımla eşleşti: 35.153.3028 (skor: 0.52)
2026-06-07 12:17:39 - __main__ - WARNING - Fiyat bulunamadı: ÖZEL-KKA-56
2026-06-07 12:17:40 - __main__ - WARNING - Fiyat bulunamadı: ÖZEL-KKA-57
2026-06-07 12:17:40 - __main__ - WARNING - Fiyat bulunamadı: ÖZEL-KKA-58
2026-06-07 12:17:41 - __main__ - WARNING - Fiyat bulunamadı: ÖZEL-KKA-59
2026-06-07 12:17:42 - __main__ - WARNING - Fiyat bulunamadı: ÖZEL-KKA-60
2026-06-07 12:17:42 - __main__ - INFO - Teklif dosyası kaydedildi: C:\Users\argge\OneDrive\Masaüstü\Ihale-Otomasyon\excel\SEYDİŞEHİR BEL PARK TEKLİF CETVELİ.xlsx
2026-06-07 12:17:42 - __main__ - INFO - İşlem tamamlandı: 120 kalem hesaplandı, 41 kalem bulunamadı
2026-06-07 12:17:42 - __main__ - INFO - ============================================================
2026-06-07 12:17:42 - __main__ - INFO - OPERASYON ÖZETİ
2026-06-07 12:17:42 - __main__ - INFO -   Cetvel: seydisehir
2026-06-07 12:17:42 - __main__ - INFO -   Hesaplanan kalem: 120
2026-06-07 12:17:42 - __main__ - INFO -   Tanim eslesen: 114
2026-06-07 12:17:42 - __main__ - INFO -   Bulunamayan kalem: 41
2026-06-07 12:17:42 - __main__ - INFO -   Toplam tutar: 37,941,856.94 TL
2026-06-07 12:17:42 - __main__ - INFO -   Teklif dosyasi: C:\Users\argge\OneDrive\Masaüstü\Ihale-Otomasyon\excel\SEYDİŞEHİR BEL PARK TEKLİF CETVELİ.xlsx
2026-06-07 12:17:42 - __main__ - INFO - ============================================================
2026-06-07 12:17:42 - __main__ - INFO - Program sonlandırıldı (BAŞARILI): 2026-06-07 12:17:42
2026-06-07 12:17:42 - __main__ - INFO - ============================================================
2026-06-07 12:23:17 - __main__ - INFO - ============================================================
2026-06-07 12:23:17 - __main__ - INFO - Program başlatıldı: 2026-06-07 12:23:17
2026-06-07 12:23:17 - __main__ - INFO - ============================================================
2026-06-07 12:23:17 - __main__ - INFO - Cetvel işleniyor: seydisehir
2026-06-07 12:23:17 - __main__ - INFO - Teklif dosyası: C:\Users\argge\OneDrive\Masaüstü\Ihale-Otomasyon\excel\SEYDİŞEHİR BEL PARK TEKLİF CETVELİ.xlsx
2026-06-07 12:23:19 - __main__ - DEBUG - Tanımla eşleşti: 15.225.1154 (skor: 0.89)
2026-06-07 12:23:20 - __main__ - DEBUG - Tanımla eşleşti: 15.225.1160 (skor: 0.89)
2026-06-07 12:23:20 - __main__ - DEBUG - Tanımla eşleşti: 15.275.1116 (skor: 0.92)
2026-06-07 12:23:20 - __main__ - DEBUG - Tanımla eşleşti: 15.250.1113 (skor: 0.93)
2026-06-07 12:23:20 - __main__ - DEBUG - Tanımla eşleşti: 15.390.1030 (skor: 0.99)
2026-06-07 12:23:21 - __main__ - DEBUG - Tanımla eşleşti: 15.390.1028 (skor: 1.00)
2026-06-07 12:23:21 - __main__ - DEBUG - Tanımla eşleşti: 15.390.1005 (skor: 0.52)
2026-06-07 12:23:21 - __main__ - DEBUG - Tanımla eşleşti: 15.280.1009 (skor: 1.00)
2026-06-07 12:23:21 - __main__ - DEBUG - Tanımla eşleşti: 15.535.1027 (skor: 0.97)
2026-06-07 12:23:22 - __main__ - DEBUG - Tanımla eşleşti: 15.540.1520 (skor: 1.00)
2026-06-07 12:23:22 - __main__ - DEBUG - Tanımla eşleşti: 15.540.1602 (skor: 1.00)
2026-06-07 12:23:22 - __main__ - DEBUG - Tanımla eşleşti: 15.341.2001 (skor: 1.00)
2026-06-07 12:23:22 - __main__ - DEBUG - Tanımla eşleşti: 15.275.1111 (skor: 0.95)
2026-06-07 12:23:23 - __main__ - DEBUG - Tanımla eşleşti: 77.125.1004 (skor: 0.97)
2026-06-07 12:23:23 - __main__ - DEBUG - Tanımla eşleşti: 15.315.1004 (skor: 1.00)
2026-06-07 12:23:23 - __main__ - DEBUG - Tanımla eşleşti: 15.420.1011 (skor: 0.62)
2026-06-07 12:23:23 - __main__ - DEBUG - Tanımla eşleşti: 15.410.1411 (skor: 1.00)
2026-06-07 12:23:24 - __main__ - DEBUG - Tanımla eşleşti: 15.341.3041 (skor: 1.00)
2026-06-07 12:23:24 - __main__ - DEBUG - Tanımla eşleşti: 15.530.1928 (skor: 0.92)
2026-06-07 12:23:24 - __main__ - DEBUG - Tanımla eşleşti: 15.330.1007 (skor: 1.00)
2026-06-07 12:23:24 - __main__ - DEBUG - Tanımla eşleşti: 77.165.1010 (skor: 1.00)
2026-06-07 12:23:25 - __main__ - DEBUG - Tanımla eşleşti: 77.130.1013 (skor: 1.00)
2026-06-07 12:23:25 - __main__ - DEBUG - Tanımla eşleşti: 15.300.1002 (skor: 1.00)
2026-06-07 12:23:25 - __main__ - DEBUG - Tanımla eşleşti: 15.280.1011 (skor: 1.00)
2026-06-07 12:23:25 - __main__ - DEBUG - Tanımla eşleşti: 19.100.1089 (skor: 0.53)
2026-06-07 12:23:25 - __main__ - DEBUG - Tanımla eşleşti: 35.160.1157 (skor: 0.58)
2026-06-07 12:23:26 - __main__ - DEBUG - Tanımla eşleşti: 15.180.1003 (skor: 1.00)
2026-06-07 12:23:26 - __main__ - DEBUG - Tanımla eşleşti: 15.160.1003 (skor: 1.00)
2026-06-07 12:23:26 - __main__ - DEBUG - Tanımla eşleşti: 15.160.1004 (skor: 1.00)
2026-06-07 12:23:27 - __main__ - DEBUG - Tanımla eşleşti: 15.185.1008 (skor: 0.88)
2026-06-07 12:23:27 - __main__ - DEBUG - Tanımla eşleşti: 15.125.1004 (skor: 1.00)
2026-06-07 12:23:27 - __main__ - DEBUG - Tanımla eşleşti: 15.120.1101 (skor: 1.00)
2026-06-07 12:23:27 - __main__ - DEBUG - Tanımla eşleşti: 15.150.1004 (skor: 0.86)
2026-06-07 12:23:28 - __main__ - DEBUG - Tanımla eşleşti: 15.150.1005 (skor: 0.92)
2026-06-07 12:23:28 - __main__ - DEBUG - Tanımla eşleşti: 15.270.1001 (skor: 1.00)
2026-06-07 12:23:28 - __main__ - DEBUG - Tanımla eşleşti: 15.165.1003 (skor: 0.98)
2026-06-07 12:23:29 - __main__ - DEBUG - Tanımla eşleşti: 35.510.1504 (skor: 0.45)
2026-06-07 12:23:29 - __main__ - DEBUG - Tanımla eşleşti: 55.114.1232 (skor: 0.37)
2026-06-07 12:23:30 - __main__ - DEBUG - Tanımla eşleşti: 52.165.1009 (skor: 0.41)
2026-06-07 12:23:30 - __main__ - WARNING - Fiyat bulunamadı: ÖZEL-KKA-6
2026-06-07 12:23:30 - __main__ - WARNING - Fiyat bulunamadı: ÖZEL-KKA-7
2026-06-07 12:23:31 - __main__ - WARNING - Fiyat bulunamadı: ÖZEL-KKA-8
2026-06-07 12:23:31 - __main__ - DEBUG - Tanımla eşleşti: 56.932.1010 (skor: 0.40)
2026-06-07 12:23:31 - __main__ - WARNING - Fiyat bulunamadı: ÖZEL-KKA-10
2026-06-07 12:23:32 - __main__ - WARNING - Fiyat bulunamadı: ÖZEL-KKA-11
2026-06-07 12:23:32 - __main__ - WARNING - Fiyat bulunamadı: ÖZEL-KKA-12
2026-06-07 12:23:32 - __main__ - WARNING - Fiyat bulunamadı: ÖZEL-KKA-13
2026-06-07 12:23:32 - __main__ - WARNING - Fiyat bulunamadı: ÖZEL-KKA-14
2026-06-07 12:23:33 - __main__ - DEBUG - Tanımla eşleşti: 77.190.1083 (skor: 0.48)
2026-06-07 12:23:33 - __main__ - DEBUG - Tanımla eşleşti: 35.172.1712 (skor: 0.38)
2026-06-07 12:23:33 - __main__ - WARNING - Fiyat bulunamadı: ÖZEL-KKA-17
2026-06-07 12:23:34 - __main__ - DEBUG - Tanımla eşleşti: 25.490.8107 (skor: 0.42)
2026-06-07 12:23:34 - __main__ - DEBUG - Tanımla eşleşti: 55.114.1233 (skor: 0.55)
2026-06-07 12:23:34 - __main__ - DEBUG - Tanımla eşleşti: 56.950.1000 (skor: 0.55)
2026-06-07 12:23:34 - __main__ - DEBUG - Tanımla eşleşti: 52.150.1131 (skor: 0.48)
2026-06-07 12:23:35 - __main__ - DEBUG - Tanımla eşleşti: 35.800.3132 (skor: 0.62)
2026-06-07 12:23:35 - __main__ - WARNING - Fiyat bulunamadı: ÖZEL-KKA-23
2026-06-07 12:23:35 - __main__ - DEBUG - Tanımla eşleşti: 15.120.1101 (skor: 1.00)
2026-06-07 12:23:35 - __main__ - DEBUG - Tanımla eşleşti: 15.125.1004 (skor: 1.00)
2026-06-07 12:23:36 - __main__ - DEBUG - Tanımla eşleşti: 25.305.1133 (skor: 0.63)
2026-06-07 12:23:36 - __main__ - DEBUG - Tanımla eşleşti: 25.305.1133 (skor: 0.62)
2026-06-07 12:23:36 - __main__ - DEBUG - Tanımla eşleşti: 25.305.1133 (skor: 0.63)
2026-06-07 12:23:36 - __main__ - DEBUG - Tanımla eşleşti: 25.305.1133 (skor: 0.62)
2026-06-07 12:23:37 - __main__ - DEBUG - Tanımla eşleşti: 25.310.1404 (skor: 0.52)
2026-06-07 12:23:37 - __main__ - DEBUG - Tanımla eşleşti: 25.305.4109 (skor: 0.76)
2026-06-07 12:23:37 - __main__ - DEBUG - Tanımla eşleşti: 25.305.4109 (skor: 0.75)
2026-06-07 12:23:38 - __main__ - DEBUG - Tanımla eşleşti: 25.305.4109 (skor: 0.75)
2026-06-07 12:23:38 - __main__ - DEBUG - Tanımla eşleşti: 25.305.6109 (skor: 0.49)
2026-06-07 12:23:38 - __main__ - DEBUG - Tanımla eşleşti: 25.225.2414 (skor: 0.60)
2026-06-07 12:23:38 - __main__ - DEBUG - Tanımla eşleşti: 25.112.1260 (skor: 0.88)
2026-06-07 12:23:39 - __main__ - DEBUG - Tanımla eşleşti: 25.108.1101 (skor: 0.67)
2026-06-07 12:23:39 - __main__ - DEBUG - Tanımla eşleşti: 25.110.1002 (skor: 0.59)
2026-06-07 12:23:40 - __main__ - DEBUG - Poz numarasıyla eşleşti: 25.100.1018
2026-06-07 12:23:40 - __main__ - DEBUG - Tanımla eşleşti: 25.102.1701 (skor: 0.62)
2026-06-07 12:23:41 - __main__ - DEBUG - Tanımla eşleşti: 25.305.1133 (skor: 0.62)
2026-06-07 12:23:41 - __main__ - DEBUG - Tanımla eşleşti: 25.310.1404 (skor: 0.46)
2026-06-07 12:23:42 - __main__ - DEBUG - Tanımla eşleşti: 25.305.4109 (skor: 0.76)
2026-06-07 12:23:42 - __main__ - DEBUG - Tanımla eşleşti: 43.510.1058 (skor: 0.44)
2026-06-07 12:23:42 - __main__ - DEBUG - Tanımla eşleşti: 25.305.8402 (skor: 1.00)
2026-06-07 12:23:43 - __main__ - DEBUG - Tanımla eşleşti: 25.305.1133 (skor: 0.40)
2026-06-07 12:23:43 - __main__ - DEBUG - Poz numarasıyla eşleşti: 25.320.9102
2026-06-07 12:23:44 - __main__ - DEBUG - Tanımla eşleşti: 25.138.1023 (skor: 0.66)
2026-06-07 12:23:44 - __main__ - DEBUG - Tanımla eşleşti: 25.130.1205 (skor: 0.92)
2026-06-07 12:23:44 - __main__ - DEBUG - Tanımla eşleşti: 25.345.4102 (skor: 0.54)
2026-06-07 12:23:45 - __main__ - DEBUG - Tanımla eşleşti: 25.320.1406 (skor: 0.86)
2026-06-07 12:23:45 - __main__ - DEBUG - Tanımla eşleşti: 25.320.1406 (skor: 0.85)
2026-06-07 12:23:46 - __main__ - DEBUG - Tanımla eşleşti: 25.127.1001 (skor: 0.98)
2026-06-07 12:23:46 - __main__ - DEBUG - Tanımla eşleşti: 25.130.1302 (skor: 1.00)
2026-06-07 12:23:47 - __main__ - DEBUG - Tanımla eşleşti: 25.118.1101 (skor: 0.54)
2026-06-07 12:23:47 - __main__ - DEBUG - Tanımla eşleşti: 25.120.1101 (skor: 0.87)
2026-06-07 12:23:47 - __main__ - DEBUG - Tanımla eşleşti: 25.130.1204 (skor: 1.00)
2026-06-07 12:23:48 - __main__ - DEBUG - Tanımla eşleşti: 25.467.1106 (skor: 0.49)
2026-06-07 12:23:48 - __main__ - DEBUG - Tanımla eşleşti: 25.245.5304 (skor: 0.74)
2026-06-07 12:23:49 - __main__ - DEBUG - Tanımla eşleşti: 25.245.5301 (skor: 0.77)
2026-06-07 12:23:49 - __main__ - DEBUG - Tanımla eşleşti: 35.172.1706 (skor: 0.77)
2026-06-07 12:23:49 - __main__ - DEBUG - Tanımla eşleşti: 35.172.1718 (skor: 0.77)
2026-06-07 12:23:50 - __main__ - DEBUG - Tanımla eşleşti: 35.140.2201 (skor: 0.84)
2026-06-07 12:23:50 - __main__ - DEBUG - Tanımla eşleşti: 35.140.2201 (skor: 0.84)
2026-06-07 12:23:51 - __main__ - DEBUG - Tanımla eşleşti: 35.140.2201 (skor: 0.83)
2026-06-07 12:23:51 - __main__ - DEBUG - Tanımla eşleşti: 35.140.5110 (skor: 0.81)
2026-06-07 12:23:52 - __main__ - DEBUG - Tanımla eşleşti: 35.140.5110 (skor: 0.81)
2026-06-07 12:23:52 - __main__ - DEBUG - Tanımla eşleşti: 35.140.2630 (skor: 0.80)
2026-06-07 12:23:52 - __main__ - DEBUG - Tanımla eşleşti: 35.140.5110 (skor: 0.80)
2026-06-07 12:23:53 - __main__ - DEBUG - Tanımla eşleşti: 35.170.2112 (skor: 0.81)
2026-06-07 12:23:53 - __main__ - DEBUG - Tanımla eşleşti: 35.140.5110 (skor: 0.81)
2026-06-07 12:23:53 - __main__ - DEBUG - Tanımla eşleşti: 35.153.1005 (skor: 0.75)
2026-06-07 12:23:54 - __main__ - DEBUG - Tanımla eşleşti: 35.153.1004 (skor: 0.75)
2026-06-07 12:23:54 - __main__ - DEBUG - Tanımla eşleşti: 35.160.6103 (skor: 0.82)
2026-06-07 12:23:54 - __main__ - DEBUG - Tanımla eşleşti: 35.185.1201 (skor: 1.00)
2026-06-07 12:23:54 - __main__ - DEBUG - Tanımla eşleşti: 35.190.1701 (skor: 1.00)
2026-06-07 12:23:55 - __main__ - DEBUG - Tanımla eşleşti: 35.190.1703 (skor: 0.73)
2026-06-07 12:23:55 - __main__ - DEBUG - Tanımla eşleşti: 35.170.3050 (skor: 0.70)
2026-06-07 12:23:55 - __main__ - DEBUG - Tanımla eşleşti: 35.170.1105 (skor: 1.00)
2026-06-07 12:23:56 - __main__ - DEBUG - Tanımla eşleşti: 35.170.1502 (skor: 1.00)
2026-06-07 12:23:56 - __main__ - DEBUG - Tanımla eşleşti: 35.170.1601 (skor: 1.00)
2026-06-07 12:23:56 - __main__ - DEBUG - Tanımla eşleşti: 35.140.2461 (skor: 0.89)
2026-06-07 12:23:56 - __main__ - DEBUG - Tanımla eşleşti: 35.170.1501 (skor: 1.00)
2026-06-07 12:23:57 - __main__ - DEBUG - Tanımla eşleşti: 35.100.7108 (skor: 0.64)
2026-06-07 12:23:57 - __main__ - DEBUG - Tanımla eşleşti: 15.315.1101 (skor: 0.39)
2026-06-07 12:23:57 - __main__ - DEBUG - Tanımla eşleşti: 35.750.3002 (skor: 0.47)
2026-06-07 12:23:58 - __main__ - DEBUG - Tanımla eşleşti: 35.185.1102 (skor: 0.96)
2026-06-07 12:23:58 - __main__ - DEBUG - Tanımla eşleşti: 35.115.1736 (skor: 0.63)
2026-06-07 12:23:58 - __main__ - DEBUG - Tanımla eşleşti: 35.115.1736 (skor: 0.63)
2026-06-07 12:23:59 - __main__ - DEBUG - Tanımla eşleşti: 35.445.1100 (skor: 0.92)
2026-06-07 12:23:59 - __main__ - DEBUG - Tanımla eşleşti: 35.505.2030 (skor: 0.65)
2026-06-07 12:23:59 - __main__ - DEBUG - Tanımla eşleşti: 35.140.5110 (skor: 0.93)
2026-06-07 12:24:00 - __main__ - DEBUG - Tanımla eşleşti: 35.100.2210 (skor: 0.65)
2026-06-07 12:24:00 - __main__ - DEBUG - Tanımla eşleşti: 35.125.1301 (skor: 0.44)
2026-06-07 12:24:00 - __main__ - DEBUG - Tanımla eşleşti: 35.125.1302 (skor: 0.44)
2026-06-07 12:24:01 - __main__ - WARNING - Fiyat bulunamadı: ÖZEL-KKA-29
2026-06-07 12:24:01 - __main__ - WARNING - Fiyat bulunamadı: ÖZEL-KKA-30
2026-06-07 12:24:01 - __main__ - WARNING - Fiyat bulunamadı: ÖZEL-KKA-31
2026-06-07 12:24:02 - __main__ - WARNING - Fiyat bulunamadı: ÖZEL-KKA-32
2026-06-07 12:24:02 - __main__ - DEBUG - Tanımla eşleşti: 35.140.2201 (skor: 0.47)
2026-06-07 12:24:02 - __main__ - DEBUG - Tanımla eşleşti: 35.415.1610 (skor: 0.55)
2026-06-07 12:24:02 - __main__ - DEBUG - Tanımla eşleşti: 79.115.1005 (skor: 0.52)
2026-06-07 12:24:03 - __main__ - DEBUG - Tanımla eşleşti: 35.481.2310 (skor: 0.42)
2026-06-07 12:24:03 - __main__ - DEBUG - Tanımla eşleşti: 35.481.2310 (skor: 0.42)
2026-06-07 12:24:03 - __main__ - DEBUG - Tanımla eşleşti: 35.415.1610 (skor: 0.44)
2026-06-07 12:24:04 - __main__ - DEBUG - Tanımla eşleşti: 35.415.1610 (skor: 0.43)
2026-06-07 12:24:04 - __main__ - DEBUG - Tanımla eşleşti: 35.750.3002 (skor: 0.44)
2026-06-07 12:24:04 - __main__ - DEBUG - Tanımla eşleşti: 25.727.1706 (skor: 0.38)
2026-06-07 12:24:05 - __main__ - WARNING - Fiyat bulunamadı: ÖZEL-KKA-42
2026-06-07 12:24:05 - __main__ - WARNING - Fiyat bulunamadı: ÖZEL-KKA-43
2026-06-07 12:24:05 - __main__ - DEBUG - Poz numarasıyla eşleşti: 35.470.3005
2026-06-07 12:24:06 - __main__ - WARNING - Fiyat bulunamadı: ÖZEL-KKA-45
2026-06-07 12:24:06 - __main__ - WARNING - Fiyat bulunamadı: ÖZEL-KKA-46
2026-06-07 12:24:06 - __main__ - DEBUG - Tanımla eşleşti: 35.800.3132 (skor: 0.46)
2026-06-07 12:24:07 - __main__ - WARNING - Fiyat bulunamadı: ÖZEL-KKA-48
2026-06-07 12:24:07 - __main__ - WARNING - Fiyat bulunamadı: ÖZEL-KKA-49
2026-06-07 12:24:07 - __main__ - DEBUG - Tanımla eşleşti: 35.445.1302 (skor: 0.40)
2026-06-07 12:24:08 - __main__ - DEBUG - Tanımla eşleşti: 35.800.2155 (skor: 0.49)
2026-06-07 12:24:08 - __main__ - DEBUG - Tanımla eşleşti: 35.115.1558 (skor: 0.36)
2026-06-07 12:24:08 - __main__ - DEBUG - Poz numarasıyla eşleşti: 35.705.4410
2026-06-07 12:24:09 - __main__ - DEBUG - Tanımla eşleşti: 35.750.3001 (skor: 0.50)
2026-06-07 12:24:09 - __main__ - DEBUG - Tanımla eşleşti: 35.153.3028 (skor: 0.52)
2026-06-07 12:24:09 - __main__ - WARNING - Fiyat bulunamadı: ÖZEL-KKA-56
2026-06-07 12:24:10 - __main__ - WARNING - Fiyat bulunamadı: ÖZEL-KKA-57
2026-06-07 12:24:10 - __main__ - WARNING - Fiyat bulunamadı: ÖZEL-KKA-58
2026-06-07 12:24:10 - __main__ - WARNING - Fiyat bulunamadı: ÖZEL-KKA-59
2026-06-07 12:24:11 - __main__ - WARNING - Fiyat bulunamadı: ÖZEL-KKA-60
2026-06-07 12:24:11 - __main__ - INFO - Teklif dosyası kaydedildi: C:\Users\argge\OneDrive\Masaüstü\Ihale-Otomasyon\excel\SEYDİŞEHİR BEL PARK TEKLİF CETVELİ.xlsx
2026-06-07 12:24:11 - __main__ - INFO - İşlem tamamlandı: 136 kalem hesaplandı, 25 kalem bulunamadı
2026-06-07 12:24:11 - __main__ - INFO - ============================================================
2026-06-07 12:24:11 - __main__ - INFO - OPERASYON ÖZETİ
2026-06-07 12:24:11 - __main__ - INFO -   Cetvel: seydisehir
2026-06-07 12:24:11 - __main__ - INFO -   Hesaplanan kalem: 136
2026-06-07 12:24:11 - __main__ - INFO -   Tanim eslesen: 132
2026-06-07 12:24:11 - __main__ - INFO -   Bulunamayan kalem: 25
2026-06-07 12:24:11 - __main__ - INFO -   Toplam tutar: 49,501,688.20 TL
2026-06-07 12:24:11 - __main__ - INFO -   Teklif dosyasi: C:\Users\argge\OneDrive\Masaüstü\Ihale-Otomasyon\excel\SEYDİŞEHİR BEL PARK TEKLİF CETVELİ.xlsx
2026-06-07 12:24:11 - __main__ - INFO - ============================================================
2026-06-07 12:24:11 - __main__ - INFO - Program sonlandırıldı (BAŞARILI): 2026-06-07 12:24:11
2026-06-07 12:24:11 - __main__ - INFO - ============================================================
